<?xml version="1.0" encoding="UTF-8"?>
<testsuite xmlns:xsi="http://www.w3.org/2001/XMLSchema-instance" xsi:noNamespaceSchemaLocation="https://maven.apache.org/surefire/maven-surefire-plugin/xsd/surefire-test-report.xsd" name="com.jcahub.SqlInjectionApplicationTests" time="2.736" tests="1" errors="0" skipped="0" failures="0">
  <properties>
    <property name="sun.desktop" value="windows"/>
    <property name="awt.toolkit" value="sun.awt.windows.WToolkit"/>
    <property name="file.encoding.pkg" value="sun.io"/>
    <property name="java.specification.version" value="1.8"/>
    <property name="sun.cpu.isalist" value="amd64"/>
    <property name="sun.jnu.encoding" value="GBK"/>
    <property name="java.class.path" value="E:\Desktop\Jcahub\SqlInjection\target\test-classes;E:\Desktop\Jcahub\SqlInjection\target\classes;D:\13、开发类工具\apache-maven-3.9.3\maven-repo\org\springframework\boot\spring-boot-starter\2.2.1.RELEASE\spring-boot-starter-2.2.1.RELEASE.jar;D:\13、开发类工具\apache-maven-3.9.3\maven-repo\org\springframework\boot\spring-boot\2.2.1.RELEASE\spring-boot-2.2.1.RELEASE.jar;D:\13、开发类工具\apache-maven-3.9.3\maven-repo\org\springframework\spring-context\5.2.1.RELEASE\spring-context-5.2.1.RELEASE.jar;D:\13、开发类工具\apache-maven-3.9.3\maven-repo\org\springframework\boot\spring-boot-autoconfigure\2.2.1.RELEASE\spring-boot-autoconfigure-2.2.1.RELEASE.jar;D:\13、开发类工具\apache-maven-3.9.3\maven-repo\org\springframework\boot\spring-boot-starter-logging\2.2.1.RELEASE\spring-boot-starter-logging-2.2.1.RELEASE.jar;D:\13、开发类工具\apache-maven-3.9.3\maven-repo\ch\qos\logback\logback-classic\1.2.3\logback-classic-1.2.3.jar;D:\13、开发类工具\apache-maven-3.9.3\maven-repo\ch\qos\logback\logback-core\1.2.3\logback-core-1.2.3.jar;D:\13、开发类工具\apache-maven-3.9.3\maven-repo\org\apache\logging\log4j\log4j-to-slf4j\2.12.1\log4j-to-slf4j-2.12.1.jar;D:\13、开发类工具\apache-maven-3.9.3\maven-repo\org\apache\logging\log4j\log4j-api\2.12.1\log4j-api-2.12.1.jar;D:\13、开发类工具\apache-maven-3.9.3\maven-repo\org\slf4j\jul-to-slf4j\1.7.29\jul-to-slf4j-1.7.29.jar;D:\13、开发类工具\apache-maven-3.9.3\maven-repo\jakarta\annotation\jakarta.annotation-api\1.3.5\jakarta.annotation-api-1.3.5.jar;D:\13、开发类工具\apache-maven-3.9.3\maven-repo\org\springframework\spring-core\5.2.1.RELEASE\spring-core-5.2.1.RELEASE.jar;D:\13、开发类工具\apache-maven-3.9.3\maven-repo\org\springframework\spring-jcl\5.2.1.RELEASE\spring-jcl-5.2.1.RELEASE.jar;D:\13、开发类工具\apache-maven-3.9.3\maven-repo\org\yaml\snakeyaml\1.25\snakeyaml-1.25.jar;D:\13、开发类工具\apache-maven-3.9.3\maven-repo\mysql\mysql-connector-java\8.0.12\mysql-connector-java-8.0.12.jar;D:\13、开发类工具\apache-maven-3.9.3\maven-repo\org\projectlombok\lombok\1.18.10\lombok-1.18.10.jar;D:\13、开发类工具\apache-maven-3.9.3\maven-repo\org\mybatis\spring\boot\mybatis-spring-boot-starter\2.1.1\mybatis-spring-boot-starter-2.1.1.jar;D:\13、开发类工具\apache-maven-3.9.3\maven-repo\org\springframework\boot\spring-boot-starter-jdbc\2.2.1.RELEASE\spring-boot-starter-jdbc-2.2.1.RELEASE.jar;D:\13、开发类工具\apache-maven-3.9.3\maven-repo\com\zaxxer\HikariCP\3.4.1\HikariCP-3.4.1.jar;D:\13、开发类工具\apache-maven-3.9.3\maven-repo\org\springframework\spring-jdbc\5.2.1.RELEASE\spring-jdbc-5.2.1.RELEASE.jar;D:\13、开发类工具\apache-maven-3.9.3\maven-repo\org\springframework\spring-tx\5.2.1.RELEASE\spring-tx-5.2.1.RELEASE.jar;D:\13、开发类工具\apache-maven-3.9.3\maven-repo\org\mybatis\spring\boot\mybatis-spring-boot-autoconfigure\2.1.1\mybatis-spring-boot-autoconfigure-2.1.1.jar;D:\13、开发类工具\apache-maven-3.9.3\maven-repo\org\mybatis\mybatis\3.5.3\mybatis-3.5.3.jar;D:\13、开发类工具\apache-maven-3.9.3\maven-repo\org\mybatis\mybatis-spring\2.0.3\mybatis-spring-2.0.3.jar;D:\13、开发类工具\apache-maven-3.9.3\maven-repo\org\springframework\boot\spring-boot-starter-test\2.2.1.RELEASE\spring-boot-starter-test-2.2.1.RELEASE.jar;D:\13、开发类工具\apache-maven-3.9.3\maven-repo\org\springframework\boot\spring-boot-test\2.2.1.RELEASE\spring-boot-test-2.2.1.RELEASE.jar;D:\13、开发类工具\apache-maven-3.9.3\maven-repo\org\springframework\boot\spring-boot-test-autoconfigure\2.2.1.RELEASE\spring-boot-test-autoconfigure-2.2.1.RELEASE.jar;D:\13、开发类工具\apache-maven-3.9.3\maven-repo\com\jayway\jsonpath\json-path\2.4.0\json-path-2.4.0.jar;D:\13、开发类工具\apache-maven-3.9.3\maven-repo\net\minidev\json-smart\2.3\json-smart-2.3.jar;D:\13、开发类工具\apache-maven-3.9.3\maven-repo\net\minidev\accessors-smart\1.2\accessors-smart-1.2.jar;D:\13、开发类工具\apache-maven-3.9.3\maven-repo\org\ow2\asm\asm\5.0.4\asm-5.0.4.jar;D:\13、开发类工具\apache-maven-3.9.3\maven-repo\org\slf4j\slf4j-api\1.7.29\slf4j-api-1.7.29.jar;D:\13、开发类工具\apache-maven-3.9.3\maven-repo\jakarta\xml\bind\jakarta.xml.bind-api\2.3.2\jakarta.xml.bind-api-2.3.2.jar;D:\13、开发类工具\apache-maven-3.9.3\maven-repo\jakarta\activation\jakarta.activation-api\1.2.1\jakarta.activation-api-1.2.1.jar;D:\13、开发类工具\apache-maven-3.9.3\maven-repo\org\junit\jupiter\junit-jupiter\5.5.2\junit-jupiter-5.5.2.jar;D:\13、开发类工具\apache-maven-3.9.3\maven-repo\org\junit\jupiter\junit-jupiter-api\5.5.2\junit-jupiter-api-5.5.2.jar;D:\13、开发类工具\apache-maven-3.9.3\maven-repo\org\opentest4j\opentest4j\1.2.0\opentest4j-1.2.0.jar;D:\13、开发类工具\apache-maven-3.9.3\maven-repo\org\junit\platform\junit-platform-commons\1.5.2\junit-platform-commons-1.5.2.jar;D:\13、开发类工具\apache-maven-3.9.3\maven-repo\org\junit\jupiter\junit-jupiter-params\5.5.2\junit-jupiter-params-5.5.2.jar;D:\13、开发类工具\apache-maven-3.9.3\maven-repo\org\junit\jupiter\junit-jupiter-engine\5.5.2\junit-jupiter-engine-5.5.2.jar;D:\13、开发类工具\apache-maven-3.9.3\maven-repo\org\junit\vintage\junit-vintage-engine\5.5.2\junit-vintage-engine-5.5.2.jar;D:\13、开发类工具\apache-maven-3.9.3\maven-repo\org\apiguardian\apiguardian-api\1.1.0\apiguardian-api-1.1.0.jar;D:\13、开发类工具\apache-maven-3.9.3\maven-repo\org\junit\platform\junit-platform-engine\1.5.2\junit-platform-engine-1.5.2.jar;D:\13、开发类工具\apache-maven-3.9.3\maven-repo\junit\junit\4.12\junit-4.12.jar;D:\13、开发类工具\apache-maven-3.9.3\maven-repo\org\mockito\mockito-junit-jupiter\3.1.0\mockito-junit-jupiter-3.1.0.jar;D:\13、开发类工具\apache-maven-3.9.3\maven-repo\org\assertj\assertj-core\3.13.2\assertj-core-3.13.2.jar;D:\13、开发类工具\apache-maven-3.9.3\maven-repo\org\hamcrest\hamcrest\2.1\hamcrest-2.1.jar;D:\13、开发类工具\apache-maven-3.9.3\maven-repo\org\mockito\mockito-core\3.1.0\mockito-core-3.1.0.jar;D:\13、开发类工具\apache-maven-3.9.3\maven-repo\net\bytebuddy\byte-buddy\1.10.2\byte-buddy-1.10.2.jar;D:\13、开发类工具\apache-maven-3.9.3\maven-repo\net\bytebuddy\byte-buddy-agent\1.10.2\byte-buddy-agent-1.10.2.jar;D:\13、开发类工具\apache-maven-3.9.3\maven-repo\org\objenesis\objenesis\2.6\objenesis-2.6.jar;D:\13、开发类工具\apache-maven-3.9.3\maven-repo\org\skyscreamer\jsonassert\1.5.0\jsonassert-1.5.0.jar;D:\13、开发类工具\apache-maven-3.9.3\maven-repo\com\vaadin\external\google\android-json\0.0.20131108.vaadin1\android-json-0.0.20131108.vaadin1.jar;D:\13、开发类工具\apache-maven-3.9.3\maven-repo\org\springframework\spring-test\5.2.1.RELEASE\spring-test-5.2.1.RELEASE.jar;D:\13、开发类工具\apache-maven-3.9.3\maven-repo\org\xmlunit\xmlunit-core\2.6.3\xmlunit-core-2.6.3.jar;D:\13、开发类工具\apache-maven-3.9.3\maven-repo\org\springframework\boot\spring-boot-starter-web\2.2.1.RELEASE\spring-boot-starter-web-2.2.1.RELEASE.jar;D:\13、开发类工具\apache-maven-3.9.3\maven-repo\org\springframework\boot\spring-boot-starter-json\2.2.1.RELEASE\spring-boot-starter-json-2.2.1.RELEASE.jar;D:\13、开发类工具\apache-maven-3.9.3\maven-repo\com\fasterxml\jackson\core\jackson-databind\2.10.0\jackson-databind-2.10.0.jar;D:\13、开发类工具\apache-maven-3.9.3\maven-repo\com\fasterxml\jackson\core\jackson-annotations\2.10.0\jackson-annotations-2.10.0.jar;D:\13、开发类工具\apache-maven-3.9.3\maven-repo\com\fasterxml\jackson\core\jackson-core\2.10.0\jackson-core-2.10.0.jar;D:\13、开发类工具\apache-maven-3.9.3\maven-repo\com\fasterxml\jackson\datatype\jackson-datatype-jdk8\2.10.0\jackson-datatype-jdk8-2.10.0.jar;D:\13、开发类工具\apache-maven-3.9.3\maven-repo\com\fasterxml\jackson\datatype\jackson-datatype-jsr310\2.10.0\jackson-datatype-jsr310-2.10.0.jar;D:\13、开发类工具\apache-maven-3.9.3\maven-repo\com\fasterxml\jackson\module\jackson-module-parameter-names\2.10.0\jackson-module-parameter-names-2.10.0.jar;D:\13、开发类工具\apache-maven-3.9.3\maven-repo\org\springframework\boot\spring-boot-starter-tomcat\2.2.1.RELEASE\spring-boot-starter-tomcat-2.2.1.RELEASE.jar;D:\13、开发类工具\apache-maven-3.9.3\maven-repo\org\apache\tomcat\embed\tomcat-embed-core\9.0.27\tomcat-embed-core-9.0.27.jar;D:\13、开发类工具\apache-maven-3.9.3\maven-repo\org\apache\tomcat\embed\tomcat-embed-el\9.0.27\tomcat-embed-el-9.0.27.jar;D:\13、开发类工具\apache-maven-3.9.3\maven-repo\org\apache\tomcat\embed\tomcat-embed-websocket\9.0.27\tomcat-embed-websocket-9.0.27.jar;D:\13、开发类工具\apache-maven-3.9.3\maven-repo\org\springframework\boot\spring-boot-starter-validation\2.2.1.RELEASE\spring-boot-starter-validation-2.2.1.RELEASE.jar;D:\13、开发类工具\apache-maven-3.9.3\maven-repo\jakarta\validation\jakarta.validation-api\2.0.1\jakarta.validation-api-2.0.1.jar;D:\13、开发类工具\apache-maven-3.9.3\maven-repo\org\hibernate\validator\hibernate-validator\6.0.18.Final\hibernate-validator-6.0.18.Final.jar;D:\13、开发类工具\apache-maven-3.9.3\maven-repo\org\jboss\logging\jboss-logging\3.4.1.Final\jboss-logging-3.4.1.Final.jar;D:\13、开发类工具\apache-maven-3.9.3\maven-repo\com\fasterxml\classmate\1.5.1\classmate-1.5.1.jar;D:\13、开发类工具\apache-maven-3.9.3\maven-repo\org\springframework\spring-web\5.2.1.RELEASE\spring-web-5.2.1.RELEASE.jar;D:\13、开发类工具\apache-maven-3.9.3\maven-repo\org\springframework\spring-beans\5.2.1.RELEASE\spring-beans-5.2.1.RELEASE.jar;D:\13、开发类工具\apache-maven-3.9.3\maven-repo\org\springframework\spring-webmvc\5.2.1.RELEASE\spring-webmvc-5.2.1.RELEASE.jar;D:\13、开发类工具\apache-maven-3.9.3\maven-repo\org\springframework\spring-aop\5.2.1.RELEASE\spring-aop-5.2.1.RELEASE.jar;D:\13、开发类工具\apache-maven-3.9.3\maven-repo\org\springframework\spring-expression\5.2.1.RELEASE\spring-expression-5.2.1.RELEASE.jar;"/>
    <property name="java.vm.vendor" value="Oracle Corporation"/>
    <property name="sun.arch.data.model" value="64"/>
    <property name="user.variant" value=""/>
    <property name="java.vendor.url" value="http://java.oracle.com/"/>
    <property name="user.timezone" value="Asia/Shanghai"/>
    <property name="java.vm.specification.version" value="1.8"/>
    <property name="os.name" value="Windows 10"/>
    <property name="user.country" value="CN"/>
    <property name="sun.java.launcher" value="SUN_STANDARD"/>
    <property name="sun.boot.library.path" value="E:\java\store\jdk1.8.0_65\jre\bin"/>
    <property name="sun.java.command" value="C:\Users\wsYu9a\AppData\Local\Temp\surefire1673343959555503449\surefirebooter1960711162408800781.jar C:\Users\wsYu9a\AppData\Local\Temp\surefire1673343959555503449 2024-05-29T03-46-43_457-jvmRun1 surefire5973522583409107129tmp surefire_08239802914436254586tmp"/>
    <property name="surefire.test.class.path" value="E:\Desktop\Jcahub\SqlInjection\target\test-classes;E:\Desktop\Jcahub\SqlInjection\target\classes;D:\13、开发类工具\apache-maven-3.9.3\maven-repo\org\springframework\boot\spring-boot-starter\2.2.1.RELEASE\spring-boot-starter-2.2.1.RELEASE.jar;D:\13、开发类工具\apache-maven-3.9.3\maven-repo\org\springframework\boot\spring-boot\2.2.1.RELEASE\spring-boot-2.2.1.RELEASE.jar;D:\13、开发类工具\apache-maven-3.9.3\maven-repo\org\springframework\spring-context\5.2.1.RELEASE\spring-context-5.2.1.RELEASE.jar;D:\13、开发类工具\apache-maven-3.9.3\maven-repo\org\springframework\boot\spring-boot-autoconfigure\2.2.1.RELEASE\spring-boot-autoconfigure-2.2.1.RELEASE.jar;D:\13、开发类工具\apache-maven-3.9.3\maven-repo\org\springframework\boot\spring-boot-starter-logging\2.2.1.RELEASE\spring-boot-starter-logging-2.2.1.RELEASE.jar;D:\13、开发类工具\apache-maven-3.9.3\maven-repo\ch\qos\logback\logback-classic\1.2.3\logback-classic-1.2.3.jar;D:\13、开发类工具\apache-maven-3.9.3\maven-repo\ch\qos\logback\logback-core\1.2.3\logback-core-1.2.3.jar;D:\13、开发类工具\apache-maven-3.9.3\maven-repo\org\apache\logging\log4j\log4j-to-slf4j\2.12.1\log4j-to-slf4j-2.12.1.jar;D:\13、开发类工具\apache-maven-3.9.3\maven-repo\org\apache\logging\log4j\log4j-api\2.12.1\log4j-api-2.12.1.jar;D:\13、开发类工具\apache-maven-3.9.3\maven-repo\org\slf4j\jul-to-slf4j\1.7.29\jul-to-slf4j-1.7.29.jar;D:\13、开发类工具\apache-maven-3.9.3\maven-repo\jakarta\annotation\jakarta.annotation-api\1.3.5\jakarta.annotation-api-1.3.5.jar;D:\13、开发类工具\apache-maven-3.9.3\maven-repo\org\springframework\spring-core\5.2.1.RELEASE\spring-core-5.2.1.RELEASE.jar;D:\13、开发类工具\apache-maven-3.9.3\maven-repo\org\springframework\spring-jcl\5.2.1.RELEASE\spring-jcl-5.2.1.RELEASE.jar;D:\13、开发类工具\apache-maven-3.9.3\maven-repo\org\yaml\snakeyaml\1.25\snakeyaml-1.25.jar;D:\13、开发类工具\apache-maven-3.9.3\maven-repo\mysql\mysql-connector-java\8.0.12\mysql-connector-java-8.0.12.jar;D:\13、开发类工具\apache-maven-3.9.3\maven-repo\org\projectlombok\lombok\1.18.10\lombok-1.18.10.jar;D:\13、开发类工具\apache-maven-3.9.3\maven-repo\org\mybatis\spring\boot\mybatis-spring-boot-starter\2.1.1\mybatis-spring-boot-starter-2.1.1.jar;D:\13、开发类工具\apache-maven-3.9.3\maven-repo\org\springframework\boot\spring-boot-starter-jdbc\2.2.1.RELEASE\spring-boot-starter-jdbc-2.2.1.RELEASE.jar;D:\13、开发类工具\apache-maven-3.9.3\maven-repo\com\zaxxer\HikariCP\3.4.1\HikariCP-3.4.1.jar;D:\13、开发类工具\apache-maven-3.9.3\maven-repo\org\springframework\spring-jdbc\5.2.1.RELEASE\spring-jdbc-5.2.1.RELEASE.jar;D:\13、开发类工具\apache-maven-3.9.3\maven-repo\org\springframework\spring-tx\5.2.1.RELEASE\spring-tx-5.2.1.RELEASE.jar;D:\13、开发类工具\apache-maven-3.9.3\maven-repo\org\mybatis\spring\boot\mybatis-spring-boot-autoconfigure\2.1.1\mybatis-spring-boot-autoconfigure-2.1.1.jar;D:\13、开发类工具\apache-maven-3.9.3\maven-repo\org\mybatis\mybatis\3.5.3\mybatis-3.5.3.jar;D:\13、开发类工具\apache-maven-3.9.3\maven-repo\org\mybatis\mybatis-spring\2.0.3\mybatis-spring-2.0.3.jar;D:\13、开发类工具\apache-maven-3.9.3\maven-repo\org\springframework\boot\spring-boot-starter-test\2.2.1.RELEASE\spring-boot-starter-test-2.2.1.RELEASE.jar;D:\13、开发类工具\apache-maven-3.9.3\maven-repo\org\springframework\boot\spring-boot-test\2.2.1.RELEASE\spring-boot-test-2.2.1.RELEASE.jar;D:\13、开发类工具\apache-maven-3.9.3\maven-repo\org\springframework\boot\spring-boot-test-autoconfigure\2.2.1.RELEASE\spring-boot-test-autoconfigure-2.2.1.RELEASE.jar;D:\13、开发类工具\apache-maven-3.9.3\maven-repo\com\jayway\jsonpath\json-path\2.4.0\json-path-2.4.0.jar;D:\13、开发类工具\apache-maven-3.9.3\maven-repo\net\minidev\json-smart\2.3\json-smart-2.3.jar;D:\13、开发类工具\apache-maven-3.9.3\maven-repo\net\minidev\accessors-smart\1.2\accessors-smart-1.2.jar;D:\13、开发类工具\apache-maven-3.9.3\maven-repo\org\ow2\asm\asm\5.0.4\asm-5.0.4.jar;D:\13、开发类工具\apache-maven-3.9.3\maven-repo\org\slf4j\slf4j-api\1.7.29\slf4j-api-1.7.29.jar;D:\13、开发类工具\apache-maven-3.9.3\maven-repo\jakarta\xml\bind\jakarta.xml.bind-api\2.3.2\jakarta.xml.bind-api-2.3.2.jar;D:\13、开发类工具\apache-maven-3.9.3\maven-repo\jakarta\activation\jakarta.activation-api\1.2.1\jakarta.activation-api-1.2.1.jar;D:\13、开发类工具\apache-maven-3.9.3\maven-repo\org\junit\jupiter\junit-jupiter\5.5.2\junit-jupiter-5.5.2.jar;D:\13、开发类工具\apache-maven-3.9.3\maven-repo\org\junit\jupiter\junit-jupiter-api\5.5.2\junit-jupiter-api-5.5.2.jar;D:\13、开发类工具\apache-maven-3.9.3\maven-repo\org\opentest4j\opentest4j\1.2.0\opentest4j-1.2.0.jar;D:\13、开发类工具\apache-maven-3.9.3\maven-repo\org\junit\platform\junit-platform-commons\1.5.2\junit-platform-commons-1.5.2.jar;D:\13、开发类工具\apache-maven-3.9.3\maven-repo\org\junit\jupiter\junit-jupiter-params\5.5.2\junit-jupiter-params-5.5.2.jar;D:\13、开发类工具\apache-maven-3.9.3\maven-repo\org\junit\jupiter\junit-jupiter-engine\5.5.2\junit-jupiter-engine-5.5.2.jar;D:\13、开发类工具\apache-maven-3.9.3\maven-repo\org\junit\vintage\junit-vintage-engine\5.5.2\junit-vintage-engine-5.5.2.jar;D:\13、开发类工具\apache-maven-3.9.3\maven-repo\org\apiguardian\apiguardian-api\1.1.0\apiguardian-api-1.1.0.jar;D:\13、开发类工具\apache-maven-3.9.3\maven-repo\org\junit\platform\junit-platform-engine\1.5.2\junit-platform-engine-1.5.2.jar;D:\13、开发类工具\apache-maven-3.9.3\maven-repo\junit\junit\4.12\junit-4.12.jar;D:\13、开发类工具\apache-maven-3.9.3\maven-repo\org\mockito\mockito-junit-jupiter\3.1.0\mockito-junit-jupiter-3.1.0.jar;D:\13、开发类工具\apache-maven-3.9.3\maven-repo\org\assertj\assertj-core\3.13.2\assertj-core-3.13.2.jar;D:\13、开发类工具\apache-maven-3.9.3\maven-repo\org\hamcrest\hamcrest\2.1\hamcrest-2.1.jar;D:\13、开发类工具\apache-maven-3.9.3\maven-repo\org\mockito\mockito-core\3.1.0\mockito-core-3.1.0.jar;D:\13、开发类工具\apache-maven-3.9.3\maven-repo\net\bytebuddy\byte-buddy\1.10.2\byte-buddy-1.10.2.jar;D:\13、开发类工具\apache-maven-3.9.3\maven-repo\net\bytebuddy\byte-buddy-agent\1.10.2\byte-buddy-agent-1.10.2.jar;D:\13、开发类工具\apache-maven-3.9.3\maven-repo\org\objenesis\objenesis\2.6\objenesis-2.6.jar;D:\13、开发类工具\apache-maven-3.9.3\maven-repo\org\skyscreamer\jsonassert\1.5.0\jsonassert-1.5.0.jar;D:\13、开发类工具\apache-maven-3.9.3\maven-repo\com\vaadin\external\google\android-json\0.0.20131108.vaadin1\android-json-0.0.20131108.vaadin1.jar;D:\13、开发类工具\apache-maven-3.9.3\maven-repo\org\springframework\spring-test\5.2.1.RELEASE\spring-test-5.2.1.RELEASE.jar;D:\13、开发类工具\apache-maven-3.9.3\maven-repo\org\xmlunit\xmlunit-core\2.6.3\xmlunit-core-2.6.3.jar;D:\13、开发类工具\apache-maven-3.9.3\maven-repo\org\springframework\boot\spring-boot-starter-web\2.2.1.RELEASE\spring-boot-starter-web-2.2.1.RELEASE.jar;D:\13、开发类工具\apache-maven-3.9.3\maven-repo\org\springframework\boot\spring-boot-starter-json\2.2.1.RELEASE\spring-boot-starter-json-2.2.1.RELEASE.jar;D:\13、开发类工具\apache-maven-3.9.3\maven-repo\com\fasterxml\jackson\core\jackson-databind\2.10.0\jackson-databind-2.10.0.jar;D:\13、开发类工具\apache-maven-3.9.3\maven-repo\com\fasterxml\jackson\core\jackson-annotations\2.10.0\jackson-annotations-2.10.0.jar;D:\13、开发类工具\apache-maven-3.9.3\maven-repo\com\fasterxml\jackson\core\jackson-core\2.10.0\jackson-core-2.10.0.jar;D:\13、开发类工具\apache-maven-3.9.3\maven-repo\com\fasterxml\jackson\datatype\jackson-datatype-jdk8\2.10.0\jackson-datatype-jdk8-2.10.0.jar;D:\13、开发类工具\apache-maven-3.9.3\maven-repo\com\fasterxml\jackson\datatype\jackson-datatype-jsr310\2.10.0\jackson-datatype-jsr310-2.10.0.jar;D:\13、开发类工具\apache-maven-3.9.3\maven-repo\com\fasterxml\jackson\module\jackson-module-parameter-names\2.10.0\jackson-module-parameter-names-2.10.0.jar;D:\13、开发类工具\apache-maven-3.9.3\maven-repo\org\springframework\boot\spring-boot-starter-tomcat\2.2.1.RELEASE\spring-boot-starter-tomcat-2.2.1.RELEASE.jar;D:\13、开发类工具\apache-maven-3.9.3\maven-repo\org\apache\tomcat\embed\tomcat-embed-core\9.0.27\tomcat-embed-core-9.0.27.jar;D:\13、开发类工具\apache-maven-3.9.3\maven-repo\org\apache\tomcat\embed\tomcat-embed-el\9.0.27\tomcat-embed-el-9.0.27.jar;D:\13、开发类工具\apache-maven-3.9.3\maven-repo\org\apache\tomcat\embed\tomcat-embed-websocket\9.0.27\tomcat-embed-websocket-9.0.27.jar;D:\13、开发类工具\apache-maven-3.9.3\maven-repo\org\springframework\boot\spring-boot-starter-validation\2.2.1.RELEASE\spring-boot-starter-validation-2.2.1.RELEASE.jar;D:\13、开发类工具\apache-maven-3.9.3\maven-repo\jakarta\validation\jakarta.validation-api\2.0.1\jakarta.validation-api-2.0.1.jar;D:\13、开发类工具\apache-maven-3.9.3\maven-repo\org\hibernate\validator\hibernate-validator\6.0.18.Final\hibernate-validator-6.0.18.Final.jar;D:\13、开发类工具\apache-maven-3.9.3\maven-repo\org\jboss\logging\jboss-logging\3.4.1.Final\jboss-logging-3.4.1.Final.jar;D:\13、开发类工具\apache-maven-3.9.3\maven-repo\com\fasterxml\classmate\1.5.1\classmate-1.5.1.jar;D:\13、开发类工具\apache-maven-3.9.3\maven-repo\org\springframework\spring-web\5.2.1.RELEASE\spring-web-5.2.1.RELEASE.jar;D:\13、开发类工具\apache-maven-3.9.3\maven-repo\org\springframework\spring-beans\5.2.1.RELEASE\spring-beans-5.2.1.RELEASE.jar;D:\13、开发类工具\apache-maven-3.9.3\maven-repo\org\springframework\spring-webmvc\5.2.1.RELEASE\spring-webmvc-5.2.1.RELEASE.jar;D:\13、开发类工具\apache-maven-3.9.3\maven-repo\org\springframework\spring-aop\5.2.1.RELEASE\spring-aop-5.2.1.RELEASE.jar;D:\13、开发类工具\apache-maven-3.9.3\maven-repo\org\springframework\spring-expression\5.2.1.RELEASE\spring-expression-5.2.1.RELEASE.jar;"/>
    <property name="sun.cpu.endian" value="little"/>
    <property name="user.home" value="C:\Users\wsYu9a"/>
    <property name="user.language" value="zh"/>
    <property name="java.specification.vendor" value="Oracle Corporation"/>
    <property name="java.home" value="E:\java\store\jdk1.8.0_65\jre"/>
    <property name="basedir" value="E:\Desktop\Jcahub\SqlInjection"/>
    <property name="file.separator" value="\"/>
    <property name="line.separator" value="&#10;"/>
    <property name="java.vm.specification.vendor" value="Oracle Corporation"/>
    <property name="java.specification.name" value="Java Platform API Specification"/>
    <property name="java.awt.graphicsenv" value="sun.awt.Win32GraphicsEnvironment"/>
    <property name="surefire.real.class.path" value="C:\Users\wsYu9a\AppData\Local\Temp\surefire1673343959555503449\surefirebooter1960711162408800781.jar"/>
    <property name="sun.boot.class.path" value="E:\java\store\jdk1.8.0_65\jre\lib\resources.jar;E:\java\store\jdk1.8.0_65\jre\lib\rt.jar;E:\java\store\jdk1.8.0_65\jre\lib\sunrsasign.jar;E:\java\store\jdk1.8.0_65\jre\lib\jsse.jar;E:\java\store\jdk1.8.0_65\jre\lib\jce.jar;E:\java\store\jdk1.8.0_65\jre\lib\charsets.jar;E:\java\store\jdk1.8.0_65\jre\lib\jfr.jar;E:\java\store\jdk1.8.0_65\jre\classes"/>
    <property name="user.script" value=""/>
    <property name="sun.management.compiler" value="HotSpot 64-Bit Tiered Compilers"/>
    <property name="java.runtime.version" value="1.8.0_65-b17"/>
    <property name="user.name" value="wsYu9a"/>
    <property name="path.separator" value=";"/>
    <property name="os.version" value="10.0"/>
    <property name="java.endorsed.dirs" value="E:\java\store\jdk1.8.0_65\jre\lib\endorsed"/>
    <property name="java.runtime.name" value="Java(TM) SE Runtime Environment"/>
    <property name="file.encoding" value="GBK"/>
    <property name="java.vm.name" value="Java HotSpot(TM) 64-Bit Server VM"/>
    <property name="localRepository" value="D:\13、开发类工具\apache-maven-3.9.3\maven-repo"/>
    <property name="java.vendor.url.bug" value="http://bugreport.sun.com/bugreport/"/>
    <property name="java.io.tmpdir" value="C:\Users\wsYu9a\AppData\Local\Temp\"/>
    <property name="idea.version" value="2023.3.4"/>
    <property name="java.version" value="1.8.0_65"/>
    <property name="user.dir" value="E:\Desktop\Jcahub\SqlInjection"/>
    <property name="os.arch" value="amd64"/>
    <property name="java.vm.specification.name" value="Java Virtual Machine Specification"/>
    <property name="java.awt.printerjob" value="sun.awt.windows.WPrinterJob"/>
    <property name="sun.os.patch.level" value=""/>
    <property name="java.library.path" value="E:\java\store\jdk1.8.0_65\jre\bin;C:\WINDOWS\Sun\Java\bin;C:\WINDOWS\system32;C:\WINDOWS;C:\Program Files\jdk/bin;C:\Program Files\jdk/bin;D:\13、开发类工具\VMware\bin\;C:\ProgramData\Oracle\Java\javapath;C:\WINDOWS\system32;C:\WINDOWS;C:\WINDOWS\System32\Wbem;C:\WINDOWS\System32\WindowsPowerShell\v1.0\;C:\WINDOWS\System32\OpenSSH\;D:\03、常用工具\Bandizip\;D:\15、python\python2;D:\15、python\python3;D:\15、python\python2\Scripts;D:\15、python\python3\Scripts;E:\node\;D:\15、python\python3\Scripts\;D:\15、python\python3\;C:\Users\wsYu9a\AppData\Local\Microsoft\WindowsApps;C:\Users\wsYu9a\AppData\Local\GitHubDesktop\bin;C:\Users\wsYu9a\AppData\Roaming\npm;E:\java;D:\15、python\python3\Scripts\;D:\15、python\python3\;C:\Users\wsYu9a\AppData\Local\Microsoft\WindowsApps;C:\Users\wsYu9a\AppData\Local\GitHubDesktop\bin;C:\Users\wsYu9a\AppData\Roaming\npm;E:\java;E:\Go\bin;E:\Desktop\GoSec\GoLang;E:\CodeQL\codeql;D:\13、开发类工具\apache-maven-3.9.3\bin;E:\mingw64\bin;E:\Desktop\geoserver-2.23.3-bin;E:\Xshell 7\;E:\Xftp 7\;D:\13、开发类工具\apache-tomcat-9.0.88bin;C:\Program Files (x86)\Gpg4win\..\GnuPG\bin;E:\network\Wireshark;D:\15、python\python3\Scripts\;D:\15、python\python3\;C:\Users\wsYu9a\AppData\Local\Microsoft\WindowsApps;C:\Users\wsYu9a\AppData\Local\GitHubDesktop\bin;C:\Users\wsYu9a\AppData\Roaming\npm;C:\Users\wsYu9a\go\bin;D:\13、开发类工具\VScode\bin;D:\13、开发类工具\PyCharm 2023.3.4\bin;;."/>
    <property name="java.vm.info" value="mixed mode"/>
    <property name="java.vendor" value="Oracle Corporation"/>
    <property name="java.vm.version" value="25.65-b01"/>
    <property name="java.ext.dirs" value="E:\java\store\jdk1.8.0_65\jre\lib\ext;C:\WINDOWS\Sun\Java\lib\ext"/>
    <property name="sun.io.unicode.encoding" value="UnicodeLittle"/>
    <property name="maven.repo.local" value="D:\13、开发类工具\apache-maven-3.9.3\maven-repo"/>
    <property name="java.class.version" value="52.0"/>
  </properties>
  <testcase name="contextLoads" classname="com.jcahub.SqlInjectionApplicationTests" time="0.177"/>
</testsuite>